# JRE version: OpenJDK Runtime Environment (17.0.9) (build 17.0.9+0--11185874)
# Java VM: OpenJDK 64-Bit Server VM (17.0.9+0--11185874, mixed mode, tiered, compressed oops, compressed class ptrs, g1 gc, windows-amd64)
GC Precious Log:
 CPUs: 16 total, 16 available
 Memory: 7896M
 Large Page Support: Disabled
 NUMA Support: Disabled
 Compressed Oops: Enabled (32-bit)
 Heap Region Size: 1M
 Heap Min Capacity: 256M
 Heap Initial Capacity: 256M
 Heap Max Capacity: 512M
 Pre-touch: Disabled
 Parallel Workers: 13
 Concurrent Workers: 3
 Concurrent Refinement Workers: 13
 Periodic GC: Disabled
Heap:
 garbage-first heap   total 374784K, used 315175K [0x00000000e0000000, 0x0000000100000000)
  region size 1024K, 48 young (49152K), 8 survivors (8192K)
 Metaspace       used 193112K, committed 194176K, reserved 524288K
  class space    used 23491K, committed 24000K, reserved 327680K
GC Heap History (20 events):
Event: 253.275 GC heap before
{Heap before GC invocations=220 (full 0):
 garbage-first heap   total 374784K, used 328190K [0x00000000e0000000, 0x0000000100000000)
  region size 1024K, 80 young (81920K), 7 survivors (7168K)
 Metaspace       used 188119K, committed 189120K, reserved 524288K
  class space    used 22888K, committed 23360K, reserved 327680K
}
Event: 253.286 GC heap after
{Heap after GC invocations=221 (full 0):
 garbage-first heap   total 374784K, used 254288K [0x00000000e0000000, 0x0000000100000000)
  region size 1024K, 6 young (6144K), 6 survivors (6144K)
 Metaspace       used 188119K, committed 189120K, reserved 524288K
  class space    used 22888K, committed 23360K, reserved 327680K
}
Event: 253.631 GC heap before
{Heap before GC invocations=221 (full 0):
 garbage-first heap   total 374784K, used 330064K [0x00000000e0000000, 0x0000000100000000)
  region size 1024K, 80 young (81920K), 6 survivors (6144K)
 Metaspace       used 188119K, committed 189120K, reserved 524288K
  class space    used 22888K, committed 23360K, reserved 327680K
}
Event: 253.644 GC heap after
{Heap after GC invocations=222 (full 0):
 garbage-first heap   total 374784K, used 254491K [0x00000000e0000000, 0x0000000100000000)
  region size 1024K, 6 young (6144K), 6 survivors (6144K)
 Metaspace       used 188119K, committed 189120K, reserved 524288K
  class space    used 22888K, committed 23360K, reserved 327680K
}
Event: 254.015 GC heap before
{Heap before GC invocations=222 (full 0):
 garbage-first heap   total 374784K, used 329243K [0x00000000e0000000, 0x0000000100000000)
  region size 1024K, 79 young (80896K), 6 survivors (6144K)
 Metaspace       used 188119K, committed 189120K, reserved 524288K
  class space    used 22888K, committed 23360K, reserved 327680K
}
Event: 254.027 GC heap after
{Heap after GC invocations=223 (full 0):
 garbage-first heap   total 374784K, used 255243K [0x00000000e0000000, 0x0000000100000000)
  region size 1024K, 6 young (6144K), 6 survivors (6144K)
 Metaspace       used 188119K, committed 189120K, reserved 524288K
  class space    used 22888K, committed 23360K, reserved 327680K
}
Event: 254.343 GC heap before
{Heap before GC invocations=223 (full 0):
 garbage-first heap   total 374784K, used 329995K [0x00000000e0000000, 0x0000000100000000)
  region size 1024K, 79 young (80896K), 6 survivors (6144K)
 Metaspace       used 188119K, committed 189120K, reserved 524288K
  class space    used 22888K, committed 23360K, reserved 327680K
}
Event: 254.351 GC heap after
{Heap after GC invocations=224 (full 0):
 garbage-first heap   total 374784K, used 252961K [0x00000000e0000000, 0x0000000100000000)
  region size 1024K, 7 young (7168K), 7 survivors (7168K)
 Metaspace       used 188119K, committed 189120K, reserved 524288K
  class space    used 22888K, committed 23360K, reserved 327680K
}
Event: 255.121 GC heap before
{Heap before GC invocations=224 (full 0):
 garbage-first heap   total 374784K, used 328737K [0x00000000e0000000, 0x0000000100000000)
  region size 1024K, 81 young (82944K), 7 survivors (7168K)
 Metaspace       used 188119K, committed 189120K, reserved 524288K
  class space    used 22888K, committed 23360K, reserved 327680K
}
Event: 255.126 GC heap after
{Heap after GC invocations=225 (full 0):
 garbage-first heap   total 374784K, used 249284K [0x00000000e0000000, 0x0000000100000000)
  region size 1024K, 3 young (3072K), 3 survivors (3072K)
 Metaspace       used 188119K, committed 189120K, reserved 524288K
  class space    used 22888K, committed 23360K, reserved 327680K
}
Event: 255.449 GC heap before
{Heap before GC invocations=225 (full 0):
 garbage-first heap   total 374784K, used 332228K [0x00000000e0000000, 0x0000000100000000)
  region size 1024K, 84 young (86016K), 3 survivors (3072K)
 Metaspace       used 188121K, committed 189120K, reserved 524288K
  class space    used 22888K, committed 23360K, reserved 327680K
}
Event: 255.457 GC heap after
{Heap after GC invocations=226 (full 0):
 garbage-first heap   total 374784K, used 250831K [0x00000000e0000000, 0x0000000100000000)
  region size 1024K, 4 young (4096K), 4 survivors (4096K)
 Metaspace       used 188121K, committed 189120K, reserved 524288K
  class space    used 22888K, committed 23360K, reserved 327680K
}
Event: 255.728 GC heap before
{Heap before GC invocations=226 (full 0):
 garbage-first heap   total 374784K, used 331727K [0x00000000e0000000, 0x0000000100000000)
  region size 1024K, 83 young (84992K), 4 survivors (4096K)
 Metaspace       used 188121K, committed 189120K, reserved 524288K
  class space    used 22888K, committed 23360K, reserved 327680K
}
Event: 255.735 GC heap after
{Heap after GC invocations=227 (full 0):
 garbage-first heap   total 374784K, used 252451K [0x00000000e0000000, 0x0000000100000000)
  region size 1024K, 6 young (6144K), 6 survivors (6144K)
 Metaspace       used 188121K, committed 189120K, reserved 524288K
  class space    used 22888K, committed 23360K, reserved 327680K
}
Event: 256.020 GC heap before
{Heap before GC invocations=227 (full 0):
 garbage-first heap   total 374784K, used 329251K [0x00000000e0000000, 0x0000000100000000)
  region size 1024K, 81 young (82944K), 6 survivors (6144K)
 Metaspace       used 188172K, committed 189120K, reserved 524288K
  class space    used 22889K, committed 23360K, reserved 327680K
}
Event: 256.023 GC heap after
{Heap after GC invocations=228 (full 0):
 garbage-first heap   total 374784K, used 250054K [0x00000000e0000000, 0x0000000100000000)
  region size 1024K, 3 young (3072K), 3 survivors (3072K)
 Metaspace       used 188172K, committed 189120K, reserved 524288K
  class space    used 22889K, committed 23360K, reserved 327680K
}
Event: 257.847 GC heap before
{Heap before GC invocations=228 (full 0):
 garbage-first heap   total 374784K, used 334022K [0x00000000e0000000, 0x0000000100000000)
  region size 1024K, 83 young (84992K), 3 survivors (3072K)
 Metaspace       used 190112K, committed 191040K, reserved 524288K
  class space    used 23123K, committed 23552K, reserved 327680K
}
Event: 257.856 GC heap after
{Heap after GC invocations=229 (full 0):
 garbage-first heap   total 374784K, used 257301K [0x00000000e0000000, 0x0000000100000000)
  region size 1024K, 7 young (7168K), 7 survivors (7168K)
 Metaspace       used 190112K, committed 191040K, reserved 524288K
  class space    used 23123K, committed 23552K, reserved 327680K
}
Event: 265.163 GC heap before
{Heap before GC invocations=229 (full 0):
 garbage-first heap   total 374784K, used 337173K [0x00000000e0000000, 0x0000000100000000)
  region size 1024K, 75 young (76800K), 7 survivors (7168K)
 Metaspace       used 193033K, committed 194048K, reserved 524288K
  class space    used 23491K, committed 24000K, reserved 327680K
}
Event: 265.215 GC heap after
{Heap after GC invocations=230 (full 0):
 garbage-first heap   total 374784K, used 276263K [0x00000000e0000000, 0x0000000100000000)
  region size 1024K, 8 young (8192K), 8 survivors (8192K)
 Metaspace       used 193033K, committed 194048K, reserved 524288K
  class space    used 23491K, committed 24000K, reserved 327680K
}

